{
  "RSpec": {
    "coverage": {
      "/Users/danielstephenson/Documents/Projects/tech_tests/spec/bank_spec.rb": [
        1,
        null,
        1,
        1,
        5,
        null,
        null,
        1,
        1,
        2,
        null,
        null,
        1,
        1,
        1,
        null,
        null,
        null,
        null,
        1,
        1,
        1,
        2,
        null,
        null,
        1,
        1,
        1,
        1,
        null,
        null,
        null,
        null,
        1,
        1,
        2,
        null,
        null,
        null
      ],
      "/Users/danielstephenson/Documents/Projects/tech_tests/lib/bank.rb": [
        null,
        1,
        1,
        null,
        1,
        6,
        6,
        6,
        null,
        null,
        1,
        6,
        6,
        6,
        6,
        null,
        null,
        1,
        3,
        null,
        2,
        2,
        2,
        2,
        null,
        null,
        1,
        1,
        1,
        1,
        null,
        null,
        null,
        null,
        null,
        null,
        1,
        null,
        1,
        6,
        6,
        6,
        null,
        null,
        1,
        2,
        2,
        2,
        null,
        null,
        1,
        8,
        8,
        null,
        null
      ],
      "/Users/danielstephenson/Documents/Projects/tech_tests/spec/view_statement_spec.rb": [
        1,
        1,
        null,
        1,
        1,
        1,
        null,
        1,
        1,
        1,
        2,
        null,
        null,
        null,
        null
      ]
    },
    "timestamp": 1541635200
  }
}
