{
  "RSpec": {
    "coverage": {
      "/Users/danielstephenson/Documents/Projects/tech_tests/spec/bank_spec.rb": [
        1,
        1,
        null,
        1,
        6,
        6,
        null,
        1,
        5,
        null,
        null,
        1,
        1,
        2,
        null,
        null,
        null,
        1,
        1,
        1,
        2,
        null,
        null,
        1,
        1,
        2,
        null,
        null,
        null,
        1,
        1,
        1,
        1,
        1,
        null,
        null,
        null,
        null,
        1,
        1,
        1,
        1,
        1,
        null,
        null,
        null
      ],
      "/Users/danielstephenson/Documents/Projects/tech_tests/lib/bank.rb": [
        1,
        1,
        null,
        null,
        1,
        1,
        null,
        1,
        5,
        5,
        5,
        5,
        null,
        null,
        1,
        4,
        4,
        4,
        4,
        null,
        null,
        1,
        2,
        null,
        1,
        1,
        1,
        1,
        null,
        null,
        1,
        1,
        null,
        null,
        1,
        null,
        1,
        4,
        4,
        4,
        null,
        null,
        1,
        1,
        1,
        1,
        null,
        null,
        1,
        5,
        5,
        null,
        null
      ],
      "/Users/danielstephenson/Documents/Projects/tech_tests/lib/printer.rb": [
        1,
        null,
        1,
        1,
        1,
        1,
        1,
        null,
        null,
        null,
        null,
        null,
        null
      ],
      "/Users/danielstephenson/Documents/Projects/tech_tests/spec/overdraft_spec.rb": [
        1,
        1,
        1,
        1,
        1,
        null,
        null,
        null,
        1,
        1,
        1,
        1,
        null,
        null,
        null
      ],
      "/Users/danielstephenson/Documents/Projects/tech_tests/lib/overdraft.rb": [
        null,
        1,
        1,
        null,
        1,
        2,
        2,
        null,
        null,
        1,
        1,
        null,
        null
      ],
      "/Users/danielstephenson/Documents/Projects/tech_tests/spec/printer_spec.rb": [
        1,
        1,
        null,
        1,
        1,
        1,
        null,
        1,
        1,
        2,
        null,
        null,
        null,
        null
      ]
    },
    "timestamp": 1541721600
  }
}
